Wed Feb 24 09:26:01 2021       
+-----------------------------------------------------------------------------+
| NVIDIA-SMI 450.102.04   Driver Version: 450.102.04   CUDA Version: 11.0     |
|-------------------------------+----------------------+----------------------+
| GPU  Name        Persistence-M| Bus-Id        Disp.A | Volatile Uncorr. ECC |
| Fan  Temp  Perf  Pwr:Usage/Cap|         Memory-Usage | GPU-Util  Compute M. |
|                               |                      |               MIG M. |
|===============================+======================+======================|
|   0  A100-SXM4-40GB      On   | 00000000:07:00.0 Off |                    0 |
| N/A   25C    P0    51W / 400W |      0MiB / 40537MiB |      0%      Default |
|                               |                      |             Disabled |
+-------------------------------+----------------------+----------------------+
|   1  A100-SXM4-40GB      On   | 00000000:0F:00.0 Off |                    0 |
| N/A   25C    P0    53W / 400W |      0MiB / 40537MiB |      0%      Default |
|                               |                      |             Disabled |
+-------------------------------+----------------------+----------------------+
|   2  A100-SXM4-40GB      On   | 00000000:47:00.0 Off |                    0 |
| N/A   24C    P0    50W / 400W |      0MiB / 40537MiB |      0%      Default |
|                               |                      |             Disabled |
+-------------------------------+----------------------+----------------------+
|   3  A100-SXM4-40GB      On   | 00000000:4E:00.0 Off |                    0 |
| N/A   25C    P0    52W / 400W |      0MiB / 40537MiB |      0%      Default |
|                               |                      |             Disabled |
+-------------------------------+----------------------+----------------------+
|   4  A100-SXM4-40GB      On   | 00000000:87:00.0 Off |                    0 |
| N/A   27C    P0    54W / 400W |      0MiB / 40537MiB |      0%      Default |
|                               |                      |             Disabled |
+-------------------------------+----------------------+----------------------+
|   5  A100-SXM4-40GB      On   | 00000000:90:00.0 Off |                    0 |
| N/A   26C    P0    53W / 400W |      0MiB / 40537MiB |      0%      Default |
|                               |                      |             Disabled |
+-------------------------------+----------------------+----------------------+
|   6  A100-SXM4-40GB      On   | 00000000:B7:00.0 Off |                    0 |
| N/A   26C    P0    50W / 400W |      0MiB / 40537MiB |      0%      Default |
|                               |                      |             Disabled |
+-------------------------------+----------------------+----------------------+
|   7  A100-SXM4-40GB      On   | 00000000:BD:00.0 Off |                    0 |
| N/A   26C    P0    50W / 400W |      0MiB / 40537MiB |      0%      Default |
|                               |                      |             Disabled |
+-------------------------------+----------------------+----------------------+
                                                                               
+-----------------------------------------------------------------------------+
| Processes:                                                                  |
|  GPU   GI   CI        PID   Type   Process name                  GPU Memory |
|        ID   ID                                                   Usage      |
|=============================================================================|
|  No running processes found                                                 |
+-----------------------------------------------------------------------------+
