	[4mGPU0	GPU1	GPU2	GPU3	GPU4	GPU5	GPU6	GPU7	mlx5_0	mlx5_1	mlx5_2	mlx5_3	mlx5_4	mlx5_5	mlx5_6	mlx5_7	mlx5_8	mlx5_9	mlx5_10	CPU Affinity	NUMA Affinity[0m
GPU0	 X 	NV12	NV12	NV12	NV12	NV12	NV12	NV12	PXB	PXB	SYS	SYS	SYS	SYS	SYS	SYS	SYS	SYS	SYS	48-63,176-191	3
GPU1	NV12	 X 	NV12	NV12	NV12	NV12	NV12	NV12	PXB	PXB	SYS	SYS	SYS	SYS	SYS	SYS	SYS	SYS	SYS	48-63,176-191	3
GPU2	NV12	NV12	 X 	NV12	NV12	NV12	NV12	NV12	SYS	SYS	PXB	PXB	SYS	SYS	SYS	SYS	SYS	SYS	SYS	16-31,144-159	1
GPU3	NV12	NV12	NV12	 X 	NV12	NV12	NV12	NV12	SYS	SYS	PXB	PXB	SYS	SYS	SYS	SYS	SYS	SYS	SYS	16-31,144-159	1
GPU4	NV12	NV12	NV12	NV12	 X 	NV12	NV12	NV12	SYS	SYS	SYS	SYS	SYS	PXB	PXB	SYS	SYS	SYS	SYS	112-127,240-255	7
GPU5	NV12	NV12	NV12	NV12	NV12	 X 	NV12	NV12	SYS	SYS	SYS	SYS	SYS	PXB	PXB	SYS	SYS	SYS	SYS	112-127,240-255	7
GPU6	NV12	NV12	NV12	NV12	NV12	NV12	 X 	NV12	SYS	SYS	SYS	SYS	SYS	SYS	SYS	PXB	PXB	SYS	SYS	80-95,208-223	5
GPU7	NV12	NV12	NV12	NV12	NV12	NV12	NV12	 X 	SYS	SYS	SYS	SYS	SYS	SYS	SYS	PXB	PXB	SYS	SYS	80-95,208-223	5
mlx5_0	PXB	PXB	SYS	SYS	SYS	SYS	SYS	SYS	 X 	PXB	SYS	SYS	SYS	SYS	SYS	SYS	SYS	SYS	SYS		
mlx5_1	PXB	PXB	SYS	SYS	SYS	SYS	SYS	SYS	PXB	 X 	SYS	SYS	SYS	SYS	SYS	SYS	SYS	SYS	SYS		
mlx5_2	SYS	SYS	PXB	PXB	SYS	SYS	SYS	SYS	SYS	SYS	 X 	PXB	SYS	SYS	SYS	SYS	SYS	SYS	SYS		
mlx5_3	SYS	SYS	PXB	PXB	SYS	SYS	SYS	SYS	SYS	SYS	PXB	 X 	SYS	SYS	SYS	SYS	SYS	SYS	SYS		
mlx5_4	SYS	SYS	SYS	SYS	SYS	SYS	SYS	SYS	SYS	SYS	SYS	SYS	 X 	SYS	SYS	SYS	SYS	SYS	SYS		
mlx5_5	SYS	SYS	SYS	SYS	PXB	PXB	SYS	SYS	SYS	SYS	SYS	SYS	SYS	 X 	PXB	SYS	SYS	SYS	SYS		
mlx5_6	SYS	SYS	SYS	SYS	PXB	PXB	SYS	SYS	SYS	SYS	SYS	SYS	SYS	PXB	 X 	SYS	SYS	SYS	SYS		
mlx5_7	SYS	SYS	SYS	SYS	SYS	SYS	PXB	PXB	SYS	SYS	SYS	SYS	SYS	SYS	SYS	 X 	PXB	SYS	SYS		
mlx5_8	SYS	SYS	SYS	SYS	SYS	SYS	PXB	PXB	SYS	SYS	SYS	SYS	SYS	SYS	SYS	PXB	 X 	SYS	SYS		
mlx5_9	SYS	SYS	SYS	SYS	SYS	SYS	SYS	SYS	SYS	SYS	SYS	SYS	SYS	SYS	SYS	SYS	SYS	 X 	PIX		
mlx5_10	SYS	SYS	SYS	SYS	SYS	SYS	SYS	SYS	SYS	SYS	SYS	SYS	SYS	SYS	SYS	SYS	SYS	PIX	 X 		

Legend:

  X    = Self
  SYS  = Connection traversing PCIe as well as the SMP interconnect between NUMA nodes (e.g., QPI/UPI)
  NODE = Connection traversing PCIe as well as the interconnect between PCIe Host Bridges within a NUMA node
  PHB  = Connection traversing PCIe as well as a PCIe Host Bridge (typically the CPU)
  PXB  = Connection traversing multiple PCIe bridges (without traversing the PCIe Host Bridge)
  PIX  = Connection traversing at most a single PCIe bridge
  NV#  = Connection traversing a bonded set of # NVLinks
