numactl --hardware
available: 8 nodes (0-7)
node 0 cpus: 0 1 2 3 4 5 6 7 8 9 10 11 12 13 14 15 128 129 130 131 132 133 134 135 136 137 138 139 140 141 142 143
node 0 size: 128789 MB
node 0 free: 126204 MB
node 1 cpus: 16 17 18 19 20 21 22 23 24 25 26 27 28 29 30 31 144 145 146 147 148 149 150 151 152 153 154 155 156 157 158 159
node 1 size: 129016 MB
node 1 free: 125896 MB
node 2 cpus: 32 33 34 35 36 37 38 39 40 41 42 43 44 45 46 47 160 161 162 163 164 165 166 167 168 169 170 171 172 173 174 175
node 2 size: 129016 MB
node 2 free: 127044 MB
node 3 cpus: 48 49 50 51 52 53 54 55 56 57 58 59 60 61 62 63 176 177 178 179 180 181 182 183 184 185 186 187 188 189 190 191
node 3 size: 129004 MB
node 3 free: 126278 MB
node 4 cpus: 64 65 66 67 68 69 70 71 72 73 74 75 76 77 78 79 192 193 194 195 196 197 198 199 200 201 202 203 204 205 206 207
node 4 size: 129016 MB
node 4 free: 125977 MB
node 5 cpus: 80 81 82 83 84 85 86 87 88 89 90 91 92 93 94 95 208 209 210 211 212 213 214 215 216 217 218 219 220 221 222 223
node 5 size: 129016 MB
node 5 free: 126131 MB
node 6 cpus: 96 97 98 99 100 101 102 103 104 105 106 107 108 109 110 111 224 225 226 227 228 229 230 231 232 233 234 235 236 237 238 239
node 6 size: 129016 MB
node 6 free: 127001 MB
node 7 cpus: 112 113 114 115 116 117 118 119 120 121 122 123 124 125 126 127 240 241 242 243 244 245 246 247 248 249 250 251 252 253 254 255
node 7 size: 129000 MB
node 7 free: 126448 MB
node distances:
node   0   1   2   3   4   5   6   7 
  0:  10  12  12  12  32  32  32  32 
  1:  12  10  12  12  32  32  32  32 
  2:  12  12  10  12  32  32  32  32 
  3:  12  12  12  10  32  32  32  32 
  4:  32  32  32  32  10  12  12  12 
  5:  32  32  32  32  12  10  12  12 
  6:  32  32  32  32  12  12  10  12 
  7:  32  32  32  32  12  12  12  10 
slurm-tasks-per-node = 8
slurm-cpus-per-task = 32
slurm-cpus-on-node = 256
gpus-per-task = 1, total-gpus-req = 8
srun -n8 -c32 --cpu_bind=mask_cpu:0x0000000000000000ff00000000000000,0x000000000000000000ff000000000000,0x000000000000000000000000ff000000,0x00000000000000000000000000ff0000,0xff000000000000000000000000000000,0x00ff0000000000000000000000000000,0x00000000ff0000000000000000000000,0x0000000000ff00000000000000000000 ./cudahello
Lrank from MPI = 1, num_threads = 8
Hello Rahul from processor cgpu20, rank = 1 out of 8 processors
My GPU = 0000:0F:00.0
I see a total of 8 GPUs and the other PCI IDs are: 
rank = 0: 0000:07:00.0
rank = 2: 0000:47:00.0
rank = 3: 0000:4E:00.0
rank = 4: 0000:87:00.0
rank = 5: 0000:90:00.0
rank = 6: 0000:B7:00.0
rank = 7: 0000:BD:00.0
CPUs and Threads assigned to me are 
rank = 0001, thread = 000, cpu = 048
rank = 0001, thread = 001, cpu = 049
rank = 0001, thread = 002, cpu = 050
rank = 0001, thread = 003, cpu = 051
rank = 0001, thread = 004, cpu = 052
rank = 0001, thread = 005, cpu = 053
rank = 0001, thread = 006, cpu = 054
rank = 0001, thread = 007, cpu = 055

************************************************************************************ 
Lrank from MPI = 6, num_threads = 8
Hello Rahul from processor cgpu20, rank = 6 out of 8 processors
My GPU = 0000:B7:00.0
I see a total of 8 GPUs and the other PCI IDs are: 
rank = 0: 0000:07:00.0
rank = 1: 0000:0F:00.0
rank = 2: 0000:47:00.0
rank = 3: 0000:4E:00.0
rank = 4: 0000:87:00.0
rank = 5: 0000:90:00.0
rank = 7: 0000:BD:00.0
CPUs and Threads assigned to me are 
rank = 0006, thread = 000, cpu = 088
rank = 0006, thread = 001, cpu = 089
rank = 0006, thread = 002, cpu = 090
rank = 0006, thread = 003, cpu = 091
rank = 0006, thread = 004, cpu = 092
rank = 0006, thread = 005, cpu = 093
rank = 0006, thread = 006, cpu = 094
rank = 0006, thread = 007, cpu = 095

************************************************************************************ 
Lrank from MPI = 5, num_threads = 8
Hello Rahul from processor cgpu20, rank = 5 out of 8 processors
My GPU = 0000:90:00.0
I see a total of 8 GPUs and the other PCI IDs are: 
rank = 0: 0000:07:00.0
rank = 1: 0000:0F:00.0
rank = 2: 0000:47:00.0
rank = 3: 0000:4E:00.0
rank = 4: 0000:87:00.0
rank = 6: 0000:B7:00.0
rank = 7: 0000:BD:00.0
CPUs and Threads assigned to me are 
rank = 0005, thread = 000, cpu = 112
rank = 0005, thread = 001, cpu = 113
rank = 0005, thread = 002, cpu = 114
rank = 0005, thread = 003, cpu = 115
rank = 0005, thread = 004, cpu = 116
rank = 0005, thread = 005, cpu = 117
rank = 0005, thread = 006, cpu = 118
rank = 0005, thread = 007, cpu = 119

************************************************************************************ 
Lrank from MPI = 4, num_threads = 8
Hello Rahul from processor cgpu20, rank = 4 out of 8 processors
My GPU = 0000:87:00.0
I see a total of 8 GPUs and the other PCI IDs are: 
rank = 0: 0000:07:00.0
rank = 1: 0000:0F:00.0
rank = 2: 0000:47:00.0
rank = 3: 0000:4E:00.0
rank = 5: 0000:90:00.0
rank = 6: 0000:B7:00.0
rank = 7: 0000:BD:00.0
CPUs and Threads assigned to me are 
rank = 0004, thread = 000, cpu = 120
rank = 0004, thread = 001, cpu = 121
rank = 0004, thread = 002, cpu = 122
rank = 0004, thread = 003, cpu = 123
rank = 0004, thread = 004, cpu = 124
rank = 0004, thread = 005, cpu = 125
rank = 0004, thread = 006, cpu = 126
rank = 0004, thread = 007, cpu = 127

************************************************************************************ 
Lrank from MPI = 7, num_threads = 8
Hello Rahul from processor cgpu20, rank = 7 out of 8 processors
My GPU = 0000:BD:00.0
I see a total of 8 GPUs and the other PCI IDs are: 
rank = 0: 0000:07:00.0
rank = 1: 0000:0F:00.0
rank = 2: 0000:47:00.0
rank = 3: 0000:4E:00.0
rank = 4: 0000:87:00.0
rank = 5: 0000:90:00.0
rank = 6: 0000:B7:00.0
CPUs and Threads assigned to me are 
rank = 0007, thread = 000, cpu = 080
rank = 0007, thread = 001, cpu = 081
rank = 0007, thread = 002, cpu = 082
rank = 0007, thread = 003, cpu = 083
rank = 0007, thread = 004, cpu = 084
rank = 0007, thread = 005, cpu = 085
rank = 0007, thread = 006, cpu = 086
rank = 0007, thread = 007, cpu = 087

************************************************************************************ 
Lrank from MPI = 3, num_threads = 8
Hello Rahul from processor cgpu20, rank = 3 out of 8 processors
My GPU = 0000:4E:00.0
I see a total of 8 GPUs and the other PCI IDs are: 
rank = 0: 0000:07:00.0
rank = 1: 0000:0F:00.0
rank = 2: 0000:47:00.0
rank = 4: 0000:87:00.0
rank = 5: 0000:90:00.0
rank = 6: 0000:B7:00.0
rank = 7: 0000:BD:00.0
CPUs and Threads assigned to me are 
rank = 0003, thread = 000, cpu = 016
rank = 0003, thread = 001, cpu = 017
rank = 0003, thread = 002, cpu = 018
rank = 0003, thread = 003, cpu = 019
rank = 0003, thread = 004, cpu = 020
rank = 0003, thread = 005, cpu = 021
rank = 0003, thread = 006, cpu = 022
rank = 0003, thread = 007, cpu = 023

************************************************************************************ 
Lrank from MPI = 2, num_threads = 8
Hello Rahul from processor cgpu20, rank = 2 out of 8 processors
My GPU = 0000:47:00.0
I see a total of 8 GPUs and the other PCI IDs are: 
rank = 0: 0000:07:00.0
rank = 1: 0000:0F:00.0
rank = 3: 0000:4E:00.0
rank = 4: 0000:87:00.0
rank = 5: 0000:90:00.0
rank = 6: 0000:B7:00.0
rank = 7: 0000:BD:00.0
CPUs and Threads assigned to me are 
rank = 0002, thread = 000, cpu = 024
rank = 0002, thread = 001, cpu = 025
rank = 0002, thread = 002, cpu = 026
rank = 0002, thread = 003, cpu = 027
rank = 0002, thread = 004, cpu = 028
rank = 0002, thread = 005, cpu = 029
rank = 0002, thread = 006, cpu = 030
rank = 0002, thread = 007, cpu = 031

************************************************************************************ 
Lrank from MPI = 0, num_threads = 8
Hello Rahul from processor cgpu20, rank = 0 out of 8 processors
My GPU = 0000:07:00.0
I see a total of 8 GPUs and the other PCI IDs are: 
rank = 1: 0000:0F:00.0
rank = 2: 0000:47:00.0
rank = 3: 0000:4E:00.0
rank = 4: 0000:87:00.0
rank = 5: 0000:90:00.0
rank = 6: 0000:B7:00.0
rank = 7: 0000:BD:00.0
CPUs and Threads assigned to me are 
rank = 0000, thread = 000, cpu = 056
rank = 0000, thread = 001, cpu = 057
rank = 0000, thread = 002, cpu = 058
rank = 0000, thread = 003, cpu = 059
rank = 0000, thread = 004, cpu = 060
rank = 0000, thread = 005, cpu = 061
rank = 0000, thread = 006, cpu = 062
rank = 0000, thread = 007, cpu = 063

************************************************************************************ 
